2022-07-23 02:52:24,822 INFO org.springframework.data.repository.config.RepositoryConfigurationDelegate [main] Bootstrapping Spring Data JPA repositories in DEFAULT mode.
2022-07-23 02:52:24,987 INFO org.springframework.data.repository.config.RepositoryConfigurationDelegate [main] Finished Spring Data repository scanning in 140 ms. Found 6 JPA repository interfaces.
2022-07-23 02:52:26,295 INFO org.springframework.boot.web.embedded.tomcat.TomcatWebServer [main] Tomcat initialized with port(s): 9081 (http)
2022-07-23 02:52:26,317 INFO org.apache.juli.logging.DirectJDKLog [main] Initializing ProtocolHandler ["http-nio-9081"]
2022-07-23 02:52:26,324 INFO org.apache.juli.logging.DirectJDKLog [main] Starting service [Tomcat]
2022-07-23 02:52:26,325 INFO org.apache.juli.logging.DirectJDKLog [main] Starting Servlet engine: [Apache Tomcat/9.0.45]
2022-07-23 02:52:26,593 INFO org.apache.juli.logging.DirectJDKLog [main] Initializing Spring embedded WebApplicationContext
2022-07-23 02:52:26,593 INFO org.springframework.boot.web.servlet.context.ServletWebServerApplicationContext [main] Root WebApplicationContext: initialization completed in 3499 ms
2022-07-23 02:52:26,948 INFO org.hibernate.jpa.internal.util.LogHelper [main] HHH000204: Processing PersistenceUnitInfo [name: default]
2022-07-23 02:52:27,045 INFO org.hibernate.Version [main] HHH000412: Hibernate ORM core version 5.4.30.Final
2022-07-23 02:52:27,266 INFO org.hibernate.annotations.common.reflection.java.JavaReflectionManager [main] HCANN000001: Hibernate Commons Annotations {5.1.2.Final}
2022-07-23 02:52:27,438 INFO com.zaxxer.hikari.HikariDataSource [main] HikariPool-1 - Starting...
2022-07-23 02:52:27,854 INFO com.zaxxer.hikari.HikariDataSource [main] HikariPool-1 - Start completed.
2022-07-23 02:52:27,906 INFO org.hibernate.dialect.Dialect [main] HHH000400: Using dialect: org.hibernate.dialect.PostgreSQL10Dialect
2022-07-23 02:52:29,806 INFO org.hibernate.engine.transaction.jta.platform.internal.JtaPlatformInitiator [main] HHH000490: Using JtaPlatform implementation: [org.hibernate.engine.transaction.jta.platform.internal.NoJtaPlatform]
2022-07-23 02:52:29,821 INFO org.springframework.orm.jpa.AbstractEntityManagerFactoryBean [main] Initialized JPA EntityManagerFactory for persistence unit 'default'
2022-07-23 02:52:31,336 WARN org.springframework.boot.autoconfigure.orm.jpa.JpaBaseConfiguration$JpaWebConfiguration [main] spring.jpa.open-in-view is enabled by default. Therefore, database queries may be performed during view rendering. Explicitly configure spring.jpa.open-in-view to disable this warning
2022-07-23 02:52:31,933 INFO org.springframework.scheduling.concurrent.ExecutorConfigurationSupport [main] Initializing ExecutorService 'applicationTaskExecutor'
2022-07-23 02:52:32,260 INFO org.apache.juli.logging.DirectJDKLog [main] Starting ProtocolHandler ["http-nio-9081"]
2022-07-23 02:52:32,320 INFO org.springframework.boot.web.embedded.tomcat.TomcatWebServer [main] Tomcat started on port(s): 9081 (http) with context path ''
2022-07-23 02:52:33,221 INFO org.springframework.boot.StartupInfoLogger [main] Started UniversidadBackendApplication in 10.969 seconds (JVM running for 12.08)
2022-07-23 02:52:42,295 INFO org.apache.juli.logging.DirectJDKLog [http-nio-9081-exec-1] Initializing Spring DispatcherServlet 'dispatcherServlet'
2022-07-23 02:52:42,295 INFO org.springframework.web.servlet.FrameworkServlet [http-nio-9081-exec-1] Initializing Servlet 'dispatcherServlet'
2022-07-23 02:52:42,298 INFO org.springframework.web.servlet.FrameworkServlet [http-nio-9081-exec-1] Completed initialization in 2 ms
2022-07-23 02:54:01,641 INFO org.springframework.scheduling.concurrent.ExecutorConfigurationSupport [SpringContextShutdownHook] Shutting down ExecutorService 'applicationTaskExecutor'
2022-07-23 02:54:01,653 INFO org.springframework.orm.jpa.AbstractEntityManagerFactoryBean [SpringContextShutdownHook] Closing JPA EntityManagerFactory for persistence unit 'default'
2022-07-23 02:54:01,656 INFO com.zaxxer.hikari.HikariDataSource [SpringContextShutdownHook] HikariPool-1 - Shutdown initiated...
2022-07-23 02:54:01,670 INFO com.zaxxer.hikari.HikariDataSource [SpringContextShutdownHook] HikariPool-1 - Shutdown completed.
2022-07-23 13:25:35,142 INFO org.springframework.boot.StartupInfoLogger [main] Starting UniversidadBackendApplication using Java 16.0.2 on DESKTOP-SVUUJ9C with PID 4972 (C:\Users\Joan-WindowsPC\Desktop\ejercitacion-universidad-backend\target\classes started by Joan-WindowsPC in C:\Users\Joan-WindowsPC\Desktop\ejercitacion-universidad-backend)
2022-07-23 13:25:35,148 INFO org.springframework.boot.SpringApplication [main] No active profile set, falling back to default profiles: default
2022-07-23 13:25:37,588 INFO org.springframework.data.repository.config.RepositoryConfigurationDelegate [main] Bootstrapping Spring Data JPA repositories in DEFAULT mode.
2022-07-23 13:25:37,797 INFO org.springframework.data.repository.config.RepositoryConfigurationDelegate [main] Finished Spring Data repository scanning in 179 ms. Found 6 JPA repository interfaces.
2022-07-23 13:25:39,373 INFO org.springframework.boot.web.embedded.tomcat.TomcatWebServer [main] Tomcat initialized with port(s): 9081 (http)
2022-07-23 13:25:39,396 INFO org.apache.juli.logging.DirectJDKLog [main] Initializing ProtocolHandler ["http-nio-9081"]
2022-07-23 13:25:39,398 INFO org.apache.juli.logging.DirectJDKLog [main] Starting service [Tomcat]
2022-07-23 13:25:39,398 INFO org.apache.juli.logging.DirectJDKLog [main] Starting Servlet engine: [Apache Tomcat/9.0.45]
2022-07-23 13:25:39,711 INFO org.apache.juli.logging.DirectJDKLog [main] Initializing Spring embedded WebApplicationContext
2022-07-23 13:25:39,712 INFO org.springframework.boot.web.servlet.context.ServletWebServerApplicationContext [main] Root WebApplicationContext: initialization completed in 4342 ms
2022-07-23 13:25:40,147 INFO org.hibernate.jpa.internal.util.LogHelper [main] HHH000204: Processing PersistenceUnitInfo [name: default]
2022-07-23 13:25:40,304 INFO org.hibernate.Version [main] HHH000412: Hibernate ORM core version 5.4.30.Final
2022-07-23 13:25:40,572 INFO org.hibernate.annotations.common.reflection.java.JavaReflectionManager [main] HCANN000001: Hibernate Commons Annotations {5.1.2.Final}
2022-07-23 13:25:40,751 INFO com.zaxxer.hikari.HikariDataSource [main] HikariPool-1 - Starting...
