2022-07-22 22:04:21,023 INFO org.springframework.scheduling.concurrent.ExecutorConfigurationSupport [SpringContextShutdownHook] Shutting down ExecutorService 'applicationTaskExecutor'
2022-07-22 22:04:21,037 INFO org.springframework.orm.jpa.AbstractEntityManagerFactoryBean [SpringContextShutdownHook] Closing JPA EntityManagerFactory for persistence unit 'default'
2022-07-22 22:04:21,040 INFO com.zaxxer.hikari.HikariDataSource [SpringContextShutdownHook] HikariPool-1 - Shutdown initiated...
2022-07-22 22:04:21,054 INFO com.zaxxer.hikari.HikariDataSource [SpringContextShutdownHook] HikariPool-1 - Shutdown completed.
2022-07-22 22:07:10,611 INFO org.springframework.boot.StartupInfoLogger [main] Starting UniversidadBackendApplication using Java 16.0.2 on DESKTOP-SVUUJ9C with PID 6276 (C:\Users\Joan-WindowsPC\Desktop\ejercitacion-universidad-backend\target\classes started by Joan-WindowsPC in C:\Users\Joan-WindowsPC\Desktop\ejercitacion-universidad-backend)
2022-07-22 22:07:10,621 INFO org.springframework.boot.SpringApplication [main] No active profile set, falling back to default profiles: default
2022-07-22 22:07:12,977 INFO org.springframework.data.repository.config.RepositoryConfigurationDelegate [main] Bootstrapping Spring Data JPA repositories in DEFAULT mode.
2022-07-22 22:07:13,185 INFO org.springframework.data.repository.config.RepositoryConfigurationDelegate [main] Finished Spring Data repository scanning in 188 ms. Found 6 JPA repository interfaces.
2022-07-22 22:07:14,749 INFO org.springframework.boot.web.embedded.tomcat.TomcatWebServer [main] Tomcat initialized with port(s): 9081 (http)
2022-07-22 22:07:14,786 INFO org.apache.juli.logging.DirectJDKLog [main] Initializing ProtocolHandler ["http-nio-9081"]
2022-07-22 22:07:14,792 INFO org.apache.juli.logging.DirectJDKLog [main] Starting service [Tomcat]
2022-07-22 22:07:14,792 INFO org.apache.juli.logging.DirectJDKLog [main] Starting Servlet engine: [Apache Tomcat/9.0.45]
2022-07-22 22:07:15,100 INFO org.apache.juli.logging.DirectJDKLog [main] Initializing Spring embedded WebApplicationContext
2022-07-22 22:07:15,101 INFO org.springframework.boot.web.servlet.context.ServletWebServerApplicationContext [main] Root WebApplicationContext: initialization completed in 4304 ms
2022-07-22 22:07:15,531 INFO org.hibernate.jpa.internal.util.LogHelper [main] HHH000204: Processing PersistenceUnitInfo [name: default]
2022-07-22 22:07:15,646 INFO org.hibernate.Version [main] HHH000412: Hibernate ORM core version 5.4.30.Final
2022-07-22 22:07:15,902 INFO org.hibernate.annotations.common.reflection.java.JavaReflectionManager [main] HCANN000001: Hibernate Commons Annotations {5.1.2.Final}
2022-07-22 22:07:16,068 INFO com.zaxxer.hikari.HikariDataSource [main] HikariPool-1 - Starting...
2022-07-22 22:07:16,561 INFO com.zaxxer.hikari.HikariDataSource [main] HikariPool-1 - Start completed.
2022-07-22 22:07:16,616 INFO org.hibernate.dialect.Dialect [main] HHH000400: Using dialect: org.hibernate.dialect.PostgreSQL10Dialect
2022-07-22 22:07:18,816 INFO org.hibernate.engine.transaction.jta.platform.internal.JtaPlatformInitiator [main] HHH000490: Using JtaPlatform implementation: [org.hibernate.engine.transaction.jta.platform.internal.NoJtaPlatform]
2022-07-22 22:07:18,832 INFO org.springframework.orm.jpa.AbstractEntityManagerFactoryBean [main] Initialized JPA EntityManagerFactory for persistence unit 'default'
2022-07-22 22:07:20,591 WARN org.springframework.boot.autoconfigure.orm.jpa.JpaBaseConfiguration$JpaWebConfiguration [main] spring.jpa.open-in-view is enabled by default. Therefore, database queries may be performed during view rendering. Explicitly configure spring.jpa.open-in-view to disable this warning
2022-07-22 22:07:21,060 INFO org.springframework.scheduling.concurrent.ExecutorConfigurationSupport [main] Initializing ExecutorService 'applicationTaskExecutor'
2022-07-22 22:07:21,387 INFO org.apache.juli.logging.DirectJDKLog [main] Starting ProtocolHandler ["http-nio-9081"]
2022-07-22 22:07:21,456 INFO org.springframework.boot.web.embedded.tomcat.TomcatWebServer [main] Tomcat started on port(s): 9081 (http) with context path ''
2022-07-22 22:07:22,309 INFO org.springframework.boot.StartupInfoLogger [main] Started UniversidadBackendApplication in 12.544 seconds (JVM running for 14.405)
2022-07-22 22:07:29,367 INFO org.apache.juli.logging.DirectJDKLog [http-nio-9081-exec-2] Initializing Spring DispatcherServlet 'dispatcherServlet'
2022-07-22 22:07:29,368 INFO org.springframework.web.servlet.FrameworkServlet [http-nio-9081-exec-2] Initializing Servlet 'dispatcherServlet'
2022-07-22 22:07:29,373 INFO org.springframework.web.servlet.FrameworkServlet [http-nio-9081-exec-2] Completed initialization in 5 ms
2022-07-22 22:08:29,374 INFO org.springframework.scheduling.concurrent.ExecutorConfigurationSupport [SpringContextShutdownHook] Shutting down ExecutorService 'applicationTaskExecutor'
2022-07-22 22:08:29,391 INFO org.springframework.orm.jpa.AbstractEntityManagerFactoryBean [SpringContextShutdownHook] Closing JPA EntityManagerFactory for persistence unit 'default'
2022-07-22 22:08:29,394 INFO com.zaxxer.hikari.HikariDataSource [SpringContextShutdownHook] HikariPool-1 - Shutdown initiated...
2022-07-22 22:08:29,411 INFO com.zaxxer.hikari.HikariDataSource [SpringContextShutdownHook] HikariPool-1 - Shutdown completed.
2022-07-22 22:40:10,331 INFO org.springframework.boot.StartupInfoLogger [main] Starting UniversidadBackendApplication using Java 16.0.2 on DESKTOP-SVUUJ9C with PID 6684 (C:\Users\Joan-WindowsPC\Desktop\ejercitacion-universidad-backend\target\classes started by Joan-WindowsPC in C:\Users\Joan-WindowsPC\Desktop\ejercitacion-universidad-backend)
2022-07-22 22:40:10,336 INFO org.springframework.boot.SpringApplication [main] No active profile set, falling back to default profiles: default
2022-07-22 22:40:12,732 INFO org.springframework.data.repository.config.RepositoryConfigurationDelegate [main] Bootstrapping Spring Data JPA repositories in DEFAULT mode.
2022-07-22 22:40:12,919 INFO org.springframework.data.repository.config.RepositoryConfigurationDelegate [main] Finished Spring Data repository scanning in 161 ms. Found 6 JPA repository interfaces.
