2022-08-04 10:08:22,039 INFO org.hibernate.validator.internal.util.Version [background-preinit] HV000001: Hibernate Validator 6.1.7.Final
2022-08-04 10:08:22,124 INFO org.springframework.boot.StartupInfoLogger [main] Starting UniversidadBackendApplication using Java 16.0.2 on DESKTOP-SVUUJ9C with PID 4956 (C:\Users\Joan-WindowsPC\Desktop\ejercitacion-universidad-backend\target\classes started by Joan-WindowsPC in C:\Users\Joan-WindowsPC\Desktop\ejercitacion-universidad-backend)
2022-08-04 10:08:22,128 INFO org.springframework.boot.SpringApplication [main] No active profile set, falling back to default profiles: default
2022-08-04 10:08:25,244 INFO org.springframework.data.repository.config.RepositoryConfigurationDelegate [main] Bootstrapping Spring Data JPA repositories in DEFAULT mode.
2022-08-04 10:08:25,505 INFO org.springframework.data.repository.config.RepositoryConfigurationDelegate [main] Finished Spring Data repository scanning in 240 ms. Found 6 JPA repository interfaces.
2022-08-04 10:08:27,122 INFO org.springframework.boot.web.embedded.tomcat.TomcatWebServer [main] Tomcat initialized with port(s): 9081 (http)
2022-08-04 10:08:27,167 INFO org.apache.juli.logging.DirectJDKLog [main] Initializing ProtocolHandler ["http-nio-9081"]
2022-08-04 10:08:27,169 INFO org.apache.juli.logging.DirectJDKLog [main] Starting service [Tomcat]
2022-08-04 10:08:27,169 INFO org.apache.juli.logging.DirectJDKLog [main] Starting Servlet engine: [Apache Tomcat/9.0.45]
2022-08-04 10:08:27,491 INFO org.apache.juli.logging.DirectJDKLog [main] Initializing Spring embedded WebApplicationContext
2022-08-04 10:08:27,492 INFO org.springframework.boot.web.servlet.context.ServletWebServerApplicationContext [main] Root WebApplicationContext: initialization completed in 5074 ms
2022-08-04 10:08:27,981 INFO org.hibernate.jpa.internal.util.LogHelper [main] HHH000204: Processing PersistenceUnitInfo [name: default]
2022-08-04 10:08:28,099 INFO org.hibernate.Version [main] HHH000412: Hibernate ORM core version 5.4.30.Final
2022-08-04 10:08:28,649 INFO org.hibernate.annotations.common.reflection.java.JavaReflectionManager [main] HCANN000001: Hibernate Commons Annotations {5.1.2.Final}
2022-08-04 10:08:28,956 INFO com.zaxxer.hikari.HikariDataSource [main] HikariPool-1 - Starting...
2022-08-04 10:08:29,755 INFO com.zaxxer.hikari.HikariDataSource [main] HikariPool-1 - Start completed.
2022-08-04 10:08:29,822 INFO org.hibernate.dialect.Dialect [main] HHH000400: Using dialect: org.hibernate.dialect.PostgreSQL10Dialect
2022-08-04 10:08:32,005 INFO org.hibernate.engine.transaction.jta.platform.internal.JtaPlatformInitiator [main] HHH000490: Using JtaPlatform implementation: [org.hibernate.engine.transaction.jta.platform.internal.NoJtaPlatform]
2022-08-04 10:08:32,018 INFO org.springframework.orm.jpa.AbstractEntityManagerFactoryBean [main] Initialized JPA EntityManagerFactory for persistence unit 'default'
2022-08-04 10:08:33,742 WARN org.springframework.boot.autoconfigure.orm.jpa.JpaBaseConfiguration$JpaWebConfiguration [main] spring.jpa.open-in-view is enabled by default. Therefore, database queries may be performed during view rendering. Explicitly configure spring.jpa.open-in-view to disable this warning
2022-08-04 10:08:34,238 INFO org.springframework.scheduling.concurrent.ExecutorConfigurationSupport [main] Initializing ExecutorService 'applicationTaskExecutor'
2022-08-04 10:08:34,539 INFO org.apache.juli.logging.DirectJDKLog [main] Starting ProtocolHandler ["http-nio-9081"]
2022-08-04 10:08:34,589 INFO org.springframework.boot.web.embedded.tomcat.TomcatWebServer [main] Tomcat started on port(s): 9081 (http) with context path '/api/v2/universidad'
2022-08-04 10:08:35,521 INFO org.springframework.boot.StartupInfoLogger [main] Started UniversidadBackendApplication in 14.285 seconds (JVM running for 15.838)
2022-08-04 10:08:39,220 INFO org.apache.juli.logging.DirectJDKLog [http-nio-9081-exec-1] Initializing Spring DispatcherServlet 'dispatcherServlet'
2022-08-04 10:08:39,221 INFO org.springframework.web.servlet.FrameworkServlet [http-nio-9081-exec-1] Initializing Servlet 'dispatcherServlet'
2022-08-04 10:08:39,226 INFO org.springframework.web.servlet.FrameworkServlet [http-nio-9081-exec-1] Completed initialization in 4 ms
2022-08-04 10:19:30,596 INFO org.springframework.scheduling.concurrent.ExecutorConfigurationSupport [SpringContextShutdownHook] Shutting down ExecutorService 'applicationTaskExecutor'
2022-08-04 10:19:30,611 INFO org.springframework.orm.jpa.AbstractEntityManagerFactoryBean [SpringContextShutdownHook] Closing JPA EntityManagerFactory for persistence unit 'default'
2022-08-04 10:19:30,615 INFO com.zaxxer.hikari.HikariDataSource [SpringContextShutdownHook] HikariPool-1 - Shutdown initiated...
2022-08-04 10:19:30,635 INFO com.zaxxer.hikari.HikariDataSource [SpringContextShutdownHook] HikariPool-1 - Shutdown completed.
2022-08-04 10:42:27,241 INFO org.springframework.test.context.support.AbstractTestContextBootstrapper [main] Neither @ContextConfiguration nor @ContextHierarchy found for test class [com.springsimplespasos.universidad.universidadbackend.repositorios.CarreraRepositoryTest], using SpringBootContextLoader
2022-08-04 10:42:27,255 INFO org.springframework.test.context.support.AbstractContextLoader [main] Could not detect default resource locations for test class [com.springsimplespasos.universidad.universidadbackend.repositorios.CarreraRepositoryTest]: no resource found for suffixes {-context.xml, Context.groovy}.
2022-08-04 10:42:27,257 INFO org.springframework.test.context.support.AnnotationConfigContextLoaderUtils [main] Could not detect default configuration classes for test class [com.springsimplespasos.universidad.universidadbackend.repositorios.CarreraRepositoryTest]: CarreraRepositoryTest does not declare any static, non-private, non-final, nested classes annotated with @Configuration.
2022-08-04 10:42:27,551 INFO org.springframework.boot.test.context.SpringBootTestContextBootstrapper [main] Found @SpringBootConfiguration com.springsimplespasos.universidad.universidadbackend.UniversidadBackendApplication for test class com.springsimplespasos.universidad.universidadbackend.repositorios.CarreraRepositoryTest
2022-08-04 10:42:27,556 INFO org.springframework.test.context.support.AbstractTestContextBootstrapper [main] Loaded default TestExecutionListener class names from location [META-INF/spring.factories]: [org.springframework.boot.test.mock.mockito.MockitoTestExecutionListener, org.springframework.boot.test.mock.mockito.ResetMocksTestExecutionListener, org.springframework.boot.test.autoconfigure.restdocs.RestDocsTestExecutionListener, org.springframework.boot.test.autoconfigure.web.client.MockRestServiceServerResetTestExecutionListener, org.springframework.boot.test.autoconfigure.web.servlet.MockMvcPrintOnlyOnFailureTestExecutionListener, org.springframework.boot.test.autoconfigure.web.servlet.WebDriverTestExecutionListener, org.springframework.boot.test.autoconfigure.webservices.client.MockWebServiceServerTestExecutionListener, org.springframework.test.context.web.ServletTestExecutionListener, org.springframework.test.context.support.DirtiesContextBeforeModesTestExecutionListener, org.springframework.test.context.event.ApplicationEventsTestExecutionListener, org.springframework.test.context.support.DependencyInjectionTestExecutionListener, org.springframework.test.context.support.DirtiesContextTestExecutionListener, org.springframework.test.context.transaction.TransactionalTestExecutionListener, org.springframework.test.context.jdbc.SqlScriptsTestExecutionListener, org.springframework.test.context.event.EventPublishingTestExecutionListener]
2022-08-04 10:42:27,604 INFO org.springframework.test.context.support.AbstractTestContextBootstrapper [main] Using TestExecutionListeners: [org.springframework.test.context.web.ServletTestExecutionListener@32a68f4f, org.springframework.test.context.support.DirtiesContextBeforeModesTestExecutionListener@73194df, org.springframework.test.context.event.ApplicationEventsTestExecutionListener@6eb2384f, org.springframework.boot.test.mock.mockito.MockitoTestExecutionListener@3c9c0d96, org.springframework.boot.test.autoconfigure.SpringBootDependencyInjectionTestExecutionListener@3a4621bd, org.springframework.test.context.support.DirtiesContextTestExecutionListener@31dadd46, org.springframework.test.context.transaction.TransactionalTestExecutionListener@4ed5eb72, org.springframework.test.context.jdbc.SqlScriptsTestExecutionListener@12f9af83, org.springframework.test.context.event.EventPublishingTestExecutionListener@19b93fa8, org.springframework.boot.test.mock.mockito.ResetMocksTestExecutionListener@7e6ef134, org.springframework.boot.test.autoconfigure.restdocs.RestDocsTestExecutionListener@1f010bf0, org.springframework.boot.test.autoconfigure.web.client.MockRestServiceServerResetTestExecutionListener@40db2a24, org.springframework.boot.test.autoconfigure.web.servlet.MockMvcPrintOnlyOnFailureTestExecutionListener@10cf09e8, org.springframework.boot.test.autoconfigure.web.servlet.WebDriverTestExecutionListener@1921ad94, org.springframework.boot.test.autoconfigure.webservices.client.MockWebServiceServerTestExecutionListener@ee86bcb]
2022-08-04 10:42:28,634 INFO org.springframework.boot.StartupInfoLogger [main] Starting CarreraRepositoryTest using Java 16.0.2 on DESKTOP-SVUUJ9C with PID 4904 (started by Joan-WindowsPC in C:\Users\Joan-WindowsPC\Desktop\ejercitacion-universidad-backend)
2022-08-04 10:42:28,630 INFO org.hibernate.validator.internal.util.Version [background-preinit] HV000001: Hibernate Validator 6.1.7.Final
2022-08-04 10:42:28,643 INFO org.springframework.boot.SpringApplication [main] No active profile set, falling back to default profiles: default
