2022-07-23 14:29:10,993 INFO org.hibernate.dialect.Dialect [main] HHH000400: Using dialect: org.hibernate.dialect.PostgreSQL10Dialect
2022-07-23 14:29:12,793 INFO org.hibernate.engine.transaction.jta.platform.internal.JtaPlatformInitiator [main] HHH000490: Using JtaPlatform implementation: [org.hibernate.engine.transaction.jta.platform.internal.NoJtaPlatform]
2022-07-23 14:29:12,807 INFO org.springframework.orm.jpa.AbstractEntityManagerFactoryBean [main] Initialized JPA EntityManagerFactory for persistence unit 'default'
2022-07-23 14:29:14,250 WARN org.springframework.boot.autoconfigure.orm.jpa.JpaBaseConfiguration$JpaWebConfiguration [main] spring.jpa.open-in-view is enabled by default. Therefore, database queries may be performed during view rendering. Explicitly configure spring.jpa.open-in-view to disable this warning
2022-07-23 14:29:14,631 INFO org.springframework.scheduling.concurrent.ExecutorConfigurationSupport [main] Initializing ExecutorService 'applicationTaskExecutor'
2022-07-23 14:29:14,872 INFO org.apache.juli.logging.DirectJDKLog [main] Starting ProtocolHandler ["http-nio-9081"]
2022-07-23 14:29:14,906 INFO org.springframework.boot.web.embedded.tomcat.TomcatWebServer [main] Tomcat started on port(s): 9081 (http) with context path ''
2022-07-23 14:29:15,746 INFO org.springframework.boot.StartupInfoLogger [main] Started UniversidadBackendApplication in 11.149 seconds (JVM running for 12.178)
2022-07-23 14:29:25,986 INFO org.apache.juli.logging.DirectJDKLog [http-nio-9081-exec-1] Initializing Spring DispatcherServlet 'dispatcherServlet'
2022-07-23 14:29:25,987 INFO org.springframework.web.servlet.FrameworkServlet [http-nio-9081-exec-1] Initializing Servlet 'dispatcherServlet'
2022-07-23 14:29:25,992 INFO org.springframework.web.servlet.FrameworkServlet [http-nio-9081-exec-1] Completed initialization in 5 ms
2022-07-23 14:37:31,939 INFO org.springframework.scheduling.concurrent.ExecutorConfigurationSupport [SpringContextShutdownHook] Shutting down ExecutorService 'applicationTaskExecutor'
2022-07-23 14:37:31,954 INFO org.springframework.orm.jpa.AbstractEntityManagerFactoryBean [SpringContextShutdownHook] Closing JPA EntityManagerFactory for persistence unit 'default'
2022-07-23 14:37:31,959 INFO com.zaxxer.hikari.HikariDataSource [SpringContextShutdownHook] HikariPool-1 - Shutdown initiated...
2022-07-23 14:37:31,976 INFO com.zaxxer.hikari.HikariDataSource [SpringContextShutdownHook] HikariPool-1 - Shutdown completed.
2022-07-23 14:37:42,840 INFO org.springframework.boot.StartupInfoLogger [main] Starting UniversidadBackendApplication using Java 16.0.2 on DESKTOP-SVUUJ9C with PID 9060 (C:\Users\Joan-WindowsPC\Desktop\ejercitacion-universidad-backend\target\classes started by Joan-WindowsPC in C:\Users\Joan-WindowsPC\Desktop\ejercitacion-universidad-backend)
2022-07-23 14:37:42,848 INFO org.springframework.boot.SpringApplication [main] No active profile set, falling back to default profiles: default
2022-07-23 14:37:45,600 INFO org.springframework.data.repository.config.RepositoryConfigurationDelegate [main] Bootstrapping Spring Data JPA repositories in DEFAULT mode.
2022-07-23 14:37:45,787 INFO org.springframework.data.repository.config.RepositoryConfigurationDelegate [main] Finished Spring Data repository scanning in 165 ms. Found 6 JPA repository interfaces.
2022-07-23 14:37:47,215 INFO org.springframework.boot.web.embedded.tomcat.TomcatWebServer [main] Tomcat initialized with port(s): 9081 (http)
2022-07-23 14:37:47,259 INFO org.apache.juli.logging.DirectJDKLog [main] Initializing ProtocolHandler ["http-nio-9081"]
2022-07-23 14:37:47,263 INFO org.apache.juli.logging.DirectJDKLog [main] Starting service [Tomcat]
2022-07-23 14:37:47,264 INFO org.apache.juli.logging.DirectJDKLog [main] Starting Servlet engine: [Apache Tomcat/9.0.45]
2022-07-23 14:37:47,570 INFO org.apache.juli.logging.DirectJDKLog [main] Initializing Spring embedded WebApplicationContext
2022-07-23 14:37:47,570 INFO org.springframework.boot.web.servlet.context.ServletWebServerApplicationContext [main] Root WebApplicationContext: initialization completed in 4554 ms
2022-07-23 14:37:48,002 INFO org.hibernate.jpa.internal.util.LogHelper [main] HHH000204: Processing PersistenceUnitInfo [name: default]
2022-07-23 14:37:48,126 INFO org.hibernate.Version [main] HHH000412: Hibernate ORM core version 5.4.30.Final
2022-07-23 14:37:48,445 INFO org.hibernate.annotations.common.reflection.java.JavaReflectionManager [main] HCANN000001: Hibernate Commons Annotations {5.1.2.Final}
2022-07-23 14:37:48,634 INFO com.zaxxer.hikari.HikariDataSource [main] HikariPool-1 - Starting...
2022-07-23 14:37:49,139 INFO com.zaxxer.hikari.HikariDataSource [main] HikariPool-1 - Start completed.
2022-07-23 14:37:49,234 INFO org.hibernate.dialect.Dialect [main] HHH000400: Using dialect: org.hibernate.dialect.PostgreSQL10Dialect
2022-07-23 14:37:51,463 INFO org.hibernate.engine.transaction.jta.platform.internal.JtaPlatformInitiator [main] HHH000490: Using JtaPlatform implementation: [org.hibernate.engine.transaction.jta.platform.internal.NoJtaPlatform]
2022-07-23 14:37:51,477 INFO org.springframework.orm.jpa.AbstractEntityManagerFactoryBean [main] Initialized JPA EntityManagerFactory for persistence unit 'default'
2022-07-23 14:37:53,618 WARN org.springframework.boot.autoconfigure.orm.jpa.JpaBaseConfiguration$JpaWebConfiguration [main] spring.jpa.open-in-view is enabled by default. Therefore, database queries may be performed during view rendering. Explicitly configure spring.jpa.open-in-view to disable this warning
2022-07-23 14:37:54,437 INFO org.springframework.scheduling.concurrent.ExecutorConfigurationSupport [main] Initializing ExecutorService 'applicationTaskExecutor'
2022-07-23 14:37:55,104 INFO org.apache.juli.logging.DirectJDKLog [main] Starting ProtocolHandler ["http-nio-9081"]
2022-07-23 14:37:55,164 INFO org.springframework.boot.web.embedded.tomcat.TomcatWebServer [main] Tomcat started on port(s): 9081 (http) with context path ''
2022-07-23 14:37:56,432 INFO org.springframework.boot.StartupInfoLogger [main] Started UniversidadBackendApplication in 14.316 seconds (JVM running for 15.573)
