2022-07-23 14:21:12,965 INFO org.hibernate.dialect.Dialect [main] HHH000400: Using dialect: org.hibernate.dialect.PostgreSQL10Dialect
2022-07-23 14:21:14,789 INFO org.hibernate.engine.transaction.jta.platform.internal.JtaPlatformInitiator [main] HHH000490: Using JtaPlatform implementation: [org.hibernate.engine.transaction.jta.platform.internal.NoJtaPlatform]
2022-07-23 14:21:14,801 INFO org.springframework.orm.jpa.AbstractEntityManagerFactoryBean [main] Initialized JPA EntityManagerFactory for persistence unit 'default'
2022-07-23 14:21:16,189 WARN org.springframework.boot.autoconfigure.orm.jpa.JpaBaseConfiguration$JpaWebConfiguration [main] spring.jpa.open-in-view is enabled by default. Therefore, database queries may be performed during view rendering. Explicitly configure spring.jpa.open-in-view to disable this warning
2022-07-23 14:21:16,545 INFO org.springframework.scheduling.concurrent.ExecutorConfigurationSupport [main] Initializing ExecutorService 'applicationTaskExecutor'
2022-07-23 14:21:16,792 INFO org.apache.juli.logging.DirectJDKLog [main] Starting ProtocolHandler ["http-nio-9081"]
2022-07-23 14:21:16,845 INFO org.springframework.boot.web.embedded.tomcat.TomcatWebServer [main] Tomcat started on port(s): 9081 (http) with context path ''
2022-07-23 14:21:17,655 INFO org.springframework.boot.StartupInfoLogger [main] Started UniversidadBackendApplication in 10.027 seconds (JVM running for 10.992)
2022-07-23 14:21:28,080 INFO org.apache.juli.logging.DirectJDKLog [http-nio-9081-exec-2] Initializing Spring DispatcherServlet 'dispatcherServlet'
2022-07-23 14:21:28,081 INFO org.springframework.web.servlet.FrameworkServlet [http-nio-9081-exec-2] Initializing Servlet 'dispatcherServlet'
2022-07-23 14:21:28,086 INFO org.springframework.web.servlet.FrameworkServlet [http-nio-9081-exec-2] Completed initialization in 5 ms
2022-07-23 14:24:02,139 INFO org.springframework.scheduling.concurrent.ExecutorConfigurationSupport [SpringContextShutdownHook] Shutting down ExecutorService 'applicationTaskExecutor'
2022-07-23 14:24:02,152 INFO org.springframework.orm.jpa.AbstractEntityManagerFactoryBean [SpringContextShutdownHook] Closing JPA EntityManagerFactory for persistence unit 'default'
2022-07-23 14:24:02,156 INFO com.zaxxer.hikari.HikariDataSource [SpringContextShutdownHook] HikariPool-1 - Shutdown initiated...
2022-07-23 14:24:02,168 INFO com.zaxxer.hikari.HikariDataSource [SpringContextShutdownHook] HikariPool-1 - Shutdown completed.
2022-07-23 14:24:11,384 INFO org.springframework.boot.StartupInfoLogger [main] Starting UniversidadBackendApplication using Java 16.0.2 on DESKTOP-SVUUJ9C with PID 2340 (C:\Users\Joan-WindowsPC\Desktop\ejercitacion-universidad-backend\target\classes started by Joan-WindowsPC in C:\Users\Joan-WindowsPC\Desktop\ejercitacion-universidad-backend)
2022-07-23 14:24:11,393 INFO org.springframework.boot.SpringApplication [main] No active profile set, falling back to default profiles: default
2022-07-23 14:24:13,512 INFO org.springframework.data.repository.config.RepositoryConfigurationDelegate [main] Bootstrapping Spring Data JPA repositories in DEFAULT mode.
2022-07-23 14:24:13,714 INFO org.springframework.data.repository.config.RepositoryConfigurationDelegate [main] Finished Spring Data repository scanning in 179 ms. Found 6 JPA repository interfaces.
2022-07-23 14:24:15,464 INFO org.springframework.boot.web.embedded.tomcat.TomcatWebServer [main] Tomcat initialized with port(s): 9081 (http)
2022-07-23 14:24:15,482 INFO org.apache.juli.logging.DirectJDKLog [main] Initializing ProtocolHandler ["http-nio-9081"]
2022-07-23 14:24:15,484 INFO org.apache.juli.logging.DirectJDKLog [main] Starting service [Tomcat]
2022-07-23 14:24:15,485 INFO org.apache.juli.logging.DirectJDKLog [main] Starting Servlet engine: [Apache Tomcat/9.0.45]
2022-07-23 14:24:15,806 INFO org.apache.juli.logging.DirectJDKLog [main] Initializing Spring embedded WebApplicationContext
2022-07-23 14:24:15,806 INFO org.springframework.boot.web.servlet.context.ServletWebServerApplicationContext [main] Root WebApplicationContext: initialization completed in 4282 ms
2022-07-23 14:24:16,180 INFO org.hibernate.jpa.internal.util.LogHelper [main] HHH000204: Processing PersistenceUnitInfo [name: default]
2022-07-23 14:24:16,298 INFO org.hibernate.Version [main] HHH000412: Hibernate ORM core version 5.4.30.Final
2022-07-23 14:24:16,517 INFO org.hibernate.annotations.common.reflection.java.JavaReflectionManager [main] HCANN000001: Hibernate Commons Annotations {5.1.2.Final}
2022-07-23 14:24:16,680 INFO com.zaxxer.hikari.HikariDataSource [main] HikariPool-1 - Starting...
2022-07-23 14:24:17,070 INFO com.zaxxer.hikari.HikariDataSource [main] HikariPool-1 - Start completed.
2022-07-23 14:24:17,121 INFO org.hibernate.dialect.Dialect [main] HHH000400: Using dialect: org.hibernate.dialect.PostgreSQL10Dialect
2022-07-23 14:24:18,880 INFO org.hibernate.engine.transaction.jta.platform.internal.JtaPlatformInitiator [main] HHH000490: Using JtaPlatform implementation: [org.hibernate.engine.transaction.jta.platform.internal.NoJtaPlatform]
2022-07-23 14:24:18,890 INFO org.springframework.orm.jpa.AbstractEntityManagerFactoryBean [main] Initialized JPA EntityManagerFactory for persistence unit 'default'
2022-07-23 14:24:20,601 WARN org.springframework.boot.autoconfigure.orm.jpa.JpaBaseConfiguration$JpaWebConfiguration [main] spring.jpa.open-in-view is enabled by default. Therefore, database queries may be performed during view rendering. Explicitly configure spring.jpa.open-in-view to disable this warning
2022-07-23 14:24:21,043 INFO org.springframework.scheduling.concurrent.ExecutorConfigurationSupport [main] Initializing ExecutorService 'applicationTaskExecutor'
2022-07-23 14:24:21,389 INFO org.apache.juli.logging.DirectJDKLog [main] Starting ProtocolHandler ["http-nio-9081"]
2022-07-23 14:24:21,440 INFO org.springframework.boot.web.embedded.tomcat.TomcatWebServer [main] Tomcat started on port(s): 9081 (http) with context path ''
2022-07-23 14:24:22,451 INFO org.springframework.boot.StartupInfoLogger [main] Started UniversidadBackendApplication in 11.728 seconds (JVM running for 12.669)
